2025/06/14 23:12:55 main.go:15: test
2025/06/18 12:29:36 main.go:15: Server started at http://localhost:8080
2025/06/19 13:34:53 main.go:15: Server started at http://localhost:8080
2025/06/19 14:00:22 main.go:15: Server started at http://localhost:8080
2025/06/23 00:29:55 main.go:15: Server started at http://localhost:8080
2025/06/23 00:32:01 main.go:15: Server started at http://localhost:8080
2025/06/23 00:34:50 main.go:17: Server started at http://localhost:8080
2025/06/23 00:36:24 main.go:15: Server started at http://localhost:8080
2025/06/23 00:37:39 users.go:49: no such table: users
2025/06/23 00:40:26 main.go:15: Server started at http://localhost:8080
2025/06/23 00:55:57 main.go:15: Server started at http://localhost:8080
2025/06/23 00:56:29 main.go:15: Server started at http://localhost:3306
2025/06/23 00:58:28 main.go:18: Server started at http://localhost:8080
2025/06/23 01:11:59 main.go:20: Server started at http://localhost:8080
2025/06/23 01:24:25 main.go:20: Server started at http://localhost:8080
2025/06/23 01:25:02 main.go:20: Server started at http://localhost:8080
2025/06/23 01:25:39 main.go:20: Server started at http://localhost:8080
2025/06/23 01:26:12 main.go:20: Server started at http://localhost:8080
2025/06/23 01:28:25 main.go:20: Server started at http://localhost:8080
2025/06/23 01:33:28 main.go:20: Server started at http://localhost:8080
2025/06/23 01:33:42 main.go:20: Server started at http://localhost:8080
2025/06/23 01:33:46 main.go:20: Server started at http://localhost:8080
2025/06/23 01:34:33 main.go:20: Server started at http://localhost:8080
2025/06/23 01:42:14 main.go:20: Server started at http://localhost:8080
2025/06/23 01:42:33 main.go:20: Server started at http://localhost:8080
2025/06/23 01:43:42 main.go:20: Server started at http://localhost:8080
2025/06/23 01:45:16 main.go:20: Server started at http://localhost:8080
2025/06/23 14:12:05 mission.go:40: Error 1045 (28000): Access denied for user ''@'localhost' (using password: NO)
2025/06/23 14:13:06 mission.go:40: Error 1064 (42000): You have an error in your SQL syntax; check the manual that corresponds to your MySQL server version for the right syntax to use near 'int missions(
		title,
		description,
		difficulty,
		point,
		require_proof,
		' at line 1
2025/06/23 14:13:49 main.go:31: ミッション作成成功！
2025/06/23 14:13:49 main.go:40: Server started at http://localhost:8080
2025/06/23 14:15:09 main.go:31: ミッション作成成功！
2025/06/23 14:15:09 main.go:40: Server started at http://localhost:8080
2025/06/23 14:16:22 main.go:31: ミッション作成成功！
2025/06/23 14:16:22 main.go:40: Server started at http://localhost:8080
2025/06/23 14:16:44 main.go:31: ミッション作成成功！
2025/06/23 14:16:44 main.go:40: Server started at http://localhost:8080
2025/06/23 14:16:54 main.go:31: ミッション作成成功！
2025/06/23 14:16:54 main.go:40: Server started at http://localhost:8080
2025/06/23 14:17:43 main.go:31: ミッション作成成功！
2025/06/23 14:17:43 main.go:40: Server started at http://localhost:8080
2025/06/23 14:18:21 main.go:31: ミッション作成成功！
2025/06/23 14:18:21 main.go:40: Server started at http://localhost:8080
2025/06/23 14:24:38 main.go:31: ミッション作成成功！
2025/06/23 14:24:38 main.go:40: Server started at http://localhost:8080
2025/06/23 14:28:24 main.go:31: ミッション作成成功！
2025/06/23 14:28:24 main.go:40: Server started at http://localhost:8080
2025/06/23 16:21:35 main.go:39: Server started at http://localhost:8080
2025/06/23 16:35:10 main.go:39: Server started at http://localhost:8080
2025/06/23 16:35:28 main.go:39: Server started at http://localhost:8080
